[2023-07-03 12:39:47] Executing bootstrap tasks
[2023-07-03 12:39:47] OpenJDK Runtime Environment 17.0.4.1+1
[2023-07-03 12:39:47] Product org.eclipse.products.epp.package.java.2022-09
[2023-07-03 12:39:47] Bundle org.eclipse.oomph.setup 1.25.0.v20220903-1123, build=5632, branch=e5d50810299859e75a8731a209e2f3442e7a94f5
[2023-07-03 12:39:47] Bundle org.eclipse.oomph.setup.core 1.25.0.v20220822-1127, build=5632, branch=e5d50810299859e75a8731a209e2f3442e7a94f5
[2023-07-03 12:39:47] Bundle org.eclipse.oomph.setup.p2 1.19.0.v20220607-1104, build=5632, branch=e5d50810299859e75a8731a209e2f3442e7a94f5
[2023-07-03 12:39:47] Performing P2 Director (Eclipse IDE for Java Developers (2022-09))
[2023-07-03 12:39:47] Offline = false
[2023-07-03 12:39:47] Mirrors = true
[2023-07-03 12:39:47] Resolving 17 requirements from 3 repositories to C:\Users\kiran\OneDrive\Documents\Madhuri\eclipse-workspace\eclipse
[2023-07-03 12:39:47] Requirement org.eclipse.equinox.p2.iu:epp.package.java [4.25.0,5.0.0) (filter=(|(&(osgi.arch=aarch64)(osgi.os=linux)(osgi.ws=gtk))(&(osgi.arch=aarch64)(osgi.os=macosx)(osgi.ws=cocoa))(&(osgi.arch=x86_64)(osgi.os=linux)(osgi.ws=gtk))(&(osgi.arch=x86_64)(osgi.os=macosx)(osgi.ws=cocoa))(&(osgi.arch=x86_64)(osgi.os=win32)(osgi.ws=win32))))
[2023-07-03 12:39:47] Requirement org.eclipse.equinox.p2.iu:org.eclipse.platform.feature.group [4.25.0,5.0.0)
[2023-07-03 12:39:47] Requirement org.eclipse.equinox.p2.iu:org.eclipse.rcp.feature.group [4.25.0,5.0.0)
[2023-07-03 12:39:47] Requirement org.eclipse.equinox.p2.iu:org.eclipse.buildship.feature.group
[2023-07-03 12:39:47] Requirement org.eclipse.equinox.p2.iu:org.eclipse.eclemma.feature.feature.group
[2023-07-03 12:39:47] Requirement org.eclipse.equinox.p2.iu:org.eclipse.egit.feature.group
[2023-07-03 12:39:47] Requirement org.eclipse.equinox.p2.iu:org.eclipse.epp.mpc.feature.group
[2023-07-03 12:39:47] Requirement org.eclipse.equinox.p2.iu:org.eclipse.jdt.feature.group
[2023-07-03 12:39:47] Requirement org.eclipse.equinox.p2.iu:org.eclipse.jgit.feature.group
[2023-07-03 12:39:47] Requirement org.eclipse.equinox.p2.iu:org.eclipse.m2e.feature.feature.group
[2023-07-03 12:39:47] Requirement org.eclipse.equinox.p2.iu:org.eclipse.m2e.lemminx.feature.feature.group
[2023-07-03 12:39:47] Requirement org.eclipse.equinox.p2.iu:org.eclipse.m2e.logback.feature.feature.group
[2023-07-03 12:39:47] Requirement org.eclipse.equinox.p2.iu:org.eclipse.mylyn.wikitext_feature.feature.group
[2023-07-03 12:39:47] Requirement org.eclipse.equinox.p2.iu:org.eclipse.tips.feature.feature.group
[2023-07-03 12:39:47] Requirement org.eclipse.equinox.p2.iu:org.eclipse.tm.terminal.feature.feature.group
[2023-07-03 12:39:47] Requirement org.eclipse.equinox.p2.iu:org.eclipse.wildwebdeveloper.xml.feature.feature.group
[2023-07-03 12:39:47] Requirement org.eclipse.equinox.p2.iu:org.eclipse.oomph.setup.feature.group
[2023-07-03 12:39:47] Repository https://download.eclipse.org/technology/epp/packages/2022-09/202209081200
[2023-07-03 12:39:47] Repository https://download.eclipse.org/releases/2022-09/202209141001
[2023-07-03 12:39:47] Repository https://download.eclipse.org/oomph/updates/milestone/latest
[2023-07-03 12:39:50] Calculating requirements and dependencies.
[2023-07-03 12:39:51] Computing prerequisite plan
[2023-07-03 12:39:54] Fetching compositeArtifacts.jar from https://download.eclipse.org/oomph/updates/milestone/latest/ (430B)
[2023-07-03 12:39:54] Fetching artifacts.xml.xz from https://download.eclipse.org/oomph/drops/release/1.29.0/ (25.94kB)
[2023-07-03 12:39:54] Collecting 1 artifacts from https://download.eclipse.org/technology/epp/packages/2022-09/202209081200
[2023-07-03 12:39:54] Downloading epp.package.java.executable.win32.win32.x86_64
[2023-07-03 12:39:54] Collected 1 artifacts for https://download.eclipse.org/technology/epp/packages/2022-09/202209081200 in 0.006s
[2023-07-03 12:39:54] Collecting 16 artifacts from https://download.eclipse.org/oomph/updates/milestone/latest
[2023-07-03 12:39:55] Downloading org.eclipse.oomph.p2
[2023-07-03 12:39:55] Downloading org.eclipse.oomph.setup
[2023-07-03 12:39:55] Downloading org.eclipse.oomph.setup.core
[2023-07-03 12:39:55] Downloading org.eclipse.nebula.widgets.tablecombo
[2023-07-03 12:39:55] Downloading org.eclipse.oomph.workingsets
[2023-07-03 12:39:55] Downloading org.eclipse.oomph.setup.p2
[2023-07-03 12:39:55] Downloading org.eclipse.oomph.predicates.edit
[2023-07-03 12:39:55] Downloading org.eclipse.oomph.predicates
[2023-07-03 12:39:55] Downloading org.apache.httpcomponents.httpclient
[2023-07-03 12:39:55] Downloading org.eclipse.oomph.setup.editor
[2023-07-03 12:39:56] Fetching org.eclipse.oomph.setup.p2_1.19.0.v20230416-1150.jar from https://ftp2.osuosl.org/pub/eclipse/oomph/drops/release/1.29.0/plugins/ (53.09kB)
[2023-07-03 12:39:56] Fetching org.eclipse.oomph.predicates_1.16.0.v20230416-0642.jar from https://mirrors.jevincanders.net/eclipse/oomph/drops/release/1.29.0/plugins/ (72.8kB)
[2023-07-03 12:39:56] Fetching org.eclipse.oomph.predicates.edit_1.15.0.v20230416-0642.jar from https://mirrors.xmission.com/eclipse/oomph/drops/release/1.29.0/plugins/ (59.04kB)
[2023-07-03 12:39:56] Fetching org.eclipse.oomph.predicates_1.16.0.v20230416-0642.jar from https://mirrors.jevincanders.net/eclipse/oomph/drops/release/1.29.0/plugins/ (72.8kB)
[2023-07-03 12:39:56] Fetching org.eclipse.oomph.predicates.edit_1.15.0.v20230416-0642.jar from https://mirrors.xmission.com/eclipse/oomph/drops/release/1.29.0/plugins/ (59.04kB)
[2023-07-03 12:39:56] Fetching org.eclipse.oomph.setup.editor_1.25.0.v20230523-0636.jar from https://mirror.clarkson.edu/eclipse/oomph/drops/release/1.29.0/plugins/ (517.05kB)
[2023-07-03 12:39:56] Downloading org.eclipse.oomph.p2.core
[2023-07-03 12:39:56] Fetching org.eclipse.oomph.workingsets_1.13.0.v20230416-0642.jar from https://mirror.umd.edu/eclipse/oomph/drops/release/1.29.0/plugins/ (48.96kB)
[2023-07-03 12:39:56] Downloading org.eclipse.oomph.ui
[2023-07-03 12:39:56] Fetching org.apache.httpcomponents.httpclient_4.5.14.v20230516-1249.jar from https://mirror.csclub.uwaterloo.ca/eclipse/oomph/drops/release/1.29.0/plugins/ (1.02MB)
[2023-07-03 12:39:56] Downloading org.eclipse.oomph.p2.ui
[2023-07-03 12:39:56] Fetching org.eclipse.oomph.p2.core_1.25.0.v20230509-0732.jar from https://mirrors.xmission.com/eclipse/oomph/drops/release/1.29.0/plugins/ (411.31kB)
[2023-07-03 12:39:56] Downloading org.eclipse.oomph.setup
[2023-07-03 12:39:56] Fetching org.eclipse.oomph.p2.ui_1.20.0.v20230523-0636.jar from https://mirrors.xmission.com/eclipse/oomph/drops/release/1.29.0/plugins/ (379.43kB)
[2023-07-03 12:39:56] Downloading org.eclipse.oomph.setup.core
[2023-07-03 12:39:56] Fetching org.eclipse.oomph.p2_1.26.0.v20230523-0636.jar from https://mirror.dogado.de/eclipse/oomph/drops/release/1.29.0/features/ (20.95kB)
[2023-07-03 12:39:56] Fetching org.eclipse.oomph.setup.core_1.27.0.v20230402-0730.jar from https://mirrors.xmission.com/eclipse/oomph/drops/release/1.29.0/plugins/ (338.68kB)
[2023-07-03 12:39:56] Fetching org.eclipse.oomph.setup_1.26.0.v20230416-0656.jar from https://mirrors.xmission.com/eclipse/oomph/drops/release/1.29.0/plugins/ (363kB)
[2023-07-03 12:39:56] Fetching org.eclipse.oomph.setup.core_1.27.0.v20230416-1150.jar from https://rhlx01.hs-esslingen.de/pub/Mirrors/eclipse/oomph/drops/release/1.29.0/features/ (21.1kB)
[2023-07-03 12:39:56] Fetching org.eclipse.oomph.setup_1.26.0.v20230416-0656.jar from https://mirrors.xmission.com/eclipse/oomph/drops/release/1.29.0/plugins/ (363kB)
[2023-07-03 12:39:56] Fetching org.eclipse.oomph.setup.core_1.27.0.v20230416-1150.jar from https://rhlx01.hs-esslingen.de/pub/Mirrors/eclipse/oomph/drops/release/1.29.0/features/ (21.1kB)
[2023-07-03 12:39:56] Fetching org.eclipse.nebula.widgets.tablecombo_1.2.0.202305300939.jar from https://eclipse.mirror.rafal.ca/oomph/drops/release/1.29.0/plugins/ (41.98kB)
[2023-07-03 12:39:56] Downloading org.eclipse.oomph.util
[2023-07-03 12:39:56] Fetching org.eclipse.nebula.widgets.tablecombo_1.2.0.202305300939.jar from https://eclipse.mirror.rafal.ca/oomph/drops/release/1.29.0/plugins/ (41.98kB)
[2023-07-03 12:39:56] Fetching org.eclipse.oomph.ui_1.19.0.v20230416-0656.jar from https://download.eclipse.org/oomph/drops/release/1.29.0/plugins/ (404.04kB)
[2023-07-03 12:39:57] Fetching org.eclipse.oomph.util_1.20.0.v20230317-0903.jar from https://mirrors.xmission.com/eclipse/oomph/drops/release/1.29.0/plugins/ (232.83kB)
[2023-07-03 12:39:58] Fetching org.eclipse.oomph.setup_1.28.0.v20230523-0636.jar from https://mirror.ibcp.fr/pub/eclipse/oomph/drops/release/1.29.0/features/ (21kB)
[2023-07-03 12:39:59] Mirrored 6 artifacts from https://mirrors.xmission.com/eclipse/oomph/drops/release/1.29.0/ at 1,205kb/s
[2023-07-03 12:39:59] Mirrored 1 artifacts from https://mirror.csclub.uwaterloo.ca/eclipse/oomph/drops/release/1.29.0/ at 960kb/s
[2023-07-03 12:39:59] Mirrored 1 artifacts from https://mirror.clarkson.edu/eclipse/oomph/drops/release/1.29.0/ at 561kb/s
[2023-07-03 12:39:59] Mirrored 1 artifacts from https://download.eclipse.org/oomph/drops/release/1.29.0/ at 467kb/s
[2023-07-03 12:39:59] Mirrored 1 artifacts from https://mirrors.jevincanders.net/eclipse/oomph/drops/release/1.29.0/ at 128kb/s
[2023-07-03 12:39:59] Mirrored 1 artifacts from https://ftp2.osuosl.org/pub/eclipse/oomph/drops/release/1.29.0/ at 123kb/s
[2023-07-03 12:39:59] Mirrored 1 artifacts from https://mirror.umd.edu/eclipse/oomph/drops/release/1.29.0/ at 73kb/s
[2023-07-03 12:39:59] Mirrored 1 artifacts from https://eclipse.mirror.rafal.ca/oomph/drops/release/1.29.0/ at 36kb/s
[2023-07-03 12:39:59] Mirrored 1 artifacts from https://mirror.dogado.de/eclipse/oomph/drops/release/1.29.0/ at 20kb/s
[2023-07-03 12:39:59] Mirrored 1 artifacts from https://rhlx01.hs-esslingen.de/pub/Mirrors/eclipse/oomph/drops/release/1.29.0/ at 19kb/s
[2023-07-03 12:39:59] Mirrored 1 artifacts from https://mirror.ibcp.fr/pub/eclipse/oomph/drops/release/1.29.0/ at 8kb/s
[2023-07-03 12:39:59] Collected 16 artifacts for https://download.eclipse.org/oomph/updates/milestone/latest in 4.048s
[2023-07-03 12:39:59] Collecting 3 artifacts from https://download.eclipse.org/releases/2022-09/202209141001
[2023-07-03 12:39:59] Downloading org.eclipse.rcp_root
[2023-07-03 12:39:59] Downloading org.eclipse.platform_root
[2023-07-03 12:39:59] Downloading org.eclipse.platform.ide.executable.win32.win32.x86_64
[2023-07-03 12:39:59] Collected 3 artifacts for https://download.eclipse.org/releases/2022-09/202209141001 in 0.516s
[2023-07-03 12:40:42] Installing a.jre.javase [19.0.0]
[2023-07-03 12:40:42] Installing ch.qos.logback.classic [1.1.2.v20171220-1825]
[2023-07-03 12:40:42] Installing ch.qos.logback.core [1.1.2.v20160208-0839]
[2023-07-03 12:40:42] Installing ch.qos.logback.slf4j [1.1.2.v20160301-0943]
[2023-07-03 12:40:42] Installing com.google.gson [2.9.1]
[2023-07-03 12:40:42] Installing com.google.guava [30.1.0.v20210127-2300]
[2023-07-03 12:40:42] Installing com.ibm.icu [67.1.0]
[2023-07-03 12:40:42] Installing com.jcraft.jsch [0.1.55.v20190404-1902]
[2023-07-03 12:40:42] Installing com.mountainminds.eclemma.core [3.1.6.202206011447]
[2023-07-03 12:40:42] Installing com.sun.el [2.2.0.v201303151357]
[2023-07-03 12:40:42] Installing com.sun.jna [5.8.0]
[2023-07-03 12:40:42] Installing com.sun.jna.platform [5.8.0]
[2023-07-03 12:40:42] Installing epp.package.java [4.25.0.20220908-1200]
[2023-07-03 12:40:42] Installing epp.package.java.executable.win32.win32.x86_64 [4.25.0.20220908-1200]
[2023-07-03 12:40:42] Installing epp.package.java.executable.win32.win32.x86_64.eclipse [4.25.0.20220908-1200]
[2023-07-03 12:40:42] Installing jakarta.servlet-api [4.0.0]
[2023-07-03 12:40:42] Installing javaewah [1.1.13.v20211029-0839]
[2023-07-03 12:40:42] Installing javax.annotation [1.3.5.v20200909-1856]
[2023-07-03 12:40:42] Installing javax.el [2.2.0.v201303151357]
[2023-07-03 12:40:42] Installing javax.inject [1.0.0.v20220405-0441]
[2023-07-03 12:40:42] Installing javax.servlet.jsp-api [2.3.3]
[2023-07-03 12:40:42] Installing junit-jupiter-api [5.9.0]
[2023-07-03 12:40:42] Installing junit-jupiter-engine [5.9.0]
[2023-07-03 12:40:42] Installing junit-jupiter-migrationsupport [5.9.0]
[2023-07-03 12:40:42] Installing junit-jupiter-params [5.9.0]
[2023-07-03 12:40:42] Installing junit-platform-commons [1.9.0]
[2023-07-03 12:40:42] Installing junit-platform-engine [1.9.0]
[2023-07-03 12:40:42] Installing junit-platform-launcher [1.9.0]
[2023-07-03 12:40:42] Installing junit-platform-runner [1.9.0]
[2023-07-03 12:40:42] Installing junit-platform-suite-api [1.9.0]
[2023-07-03 12:40:42] Installing junit-platform-suite-commons [1.9.0]
[2023-07-03 12:40:42] Installing junit-platform-suite-engine [1.9.0]
[2023-07-03 12:40:42] Installing junit-vintage-engine [5.9.0]
[2023-07-03 12:40:42] Installing net.i2p.crypto.eddsa [0.3.0.v20220506-1020]
[2023-07-03 12:40:42] Installing org.apache.ant [1.10.12.v20211102-1452]
[2023-07-03 12:40:42] Installing org.apache.batik.constants [1.14.0.v20210324-0332]
[2023-07-03 12:40:42] Installing org.apache.batik.css [1.14.0.v20210324-0332]
[2023-07-03 12:40:42] Installing org.apache.batik.i18n [1.14.0.v20210324-0332]
[2023-07-03 12:40:42] Installing org.apache.batik.util [1.14.0.v20210324-0332]
[2023-07-03 12:40:42] Installing org.apache.commons.codec [1.14.0.v20200818-1422]
[2023-07-03 12:40:42] Installing org.apache.commons.compress [1.21.0.v20211103-2100]
[2023-07-03 12:40:42] Installing org.apache.commons.io [2.8.0.v20210415-0900]
[2023-07-03 12:40:42] Installing org.apache.commons.jxpath [1.3.0.v200911051830]
[2023-07-03 12:40:42] Installing org.apache.commons.logging [1.2.0.v20180409-1502]
[2023-07-03 12:40:42] Installing org.apache.felix.gogo.command [1.1.2]
[2023-07-03 12:40:42] Installing org.apache.felix.gogo.runtime [1.1.6]
[2023-07-03 12:40:42] Installing org.apache.felix.gogo.shell [1.1.4]
[2023-07-03 12:40:42] Installing org.apache.felix.scr [2.2.2]
[2023-07-03 12:40:42] Installing org.apache.httpcomponents.client5.httpclient5 [5.1.2.v20211217-1500]
[2023-07-03 12:40:42] Installing org.apache.httpcomponents.client5.httpclient5-win [5.1.2.v20211217-1500]
[2023-07-03 12:40:42] Installing org.apache.httpcomponents.core5.httpcore5 [5.1.2.v20211217-1500]
[2023-07-03 12:40:42] Installing org.apache.httpcomponents.core5.httpcore5-h2 [5.1.2.v20211217-1500]
[2023-07-03 12:40:42] Installing org.apache.httpcomponents.httpclient [4.5.14.v20230516-1249]
[2023-07-03 12:40:42] Installing org.apache.httpcomponents.httpcore [4.4.16.v20221207-1049]
[2023-07-03 12:40:42] Installing org.apache.jasper.glassfish [2.2.2.v201501141630]
[2023-07-03 12:40:42] Installing org.apache.lucene.analyzers-common [8.4.1.v20200122-1459]
[2023-07-03 12:40:42] Installing org.apache.lucene.analyzers-smartcn [8.4.1.v20200122-1459]
[2023-07-03 12:40:42] Installing org.apache.lucene.core [8.4.1.v20200122-1459]
[2023-07-03 12:40:42] Installing org.apache.sshd.osgi [2.8.0]
[2023-07-03 12:40:42] Installing org.apache.sshd.sftp [2.8.0.v20211227-1750]
[2023-07-03 12:40:42] Installing org.apache.xerces [2.12.2.v20220131-0835]
[2023-07-03 12:40:42] Installing org.apache.xml.resolver [1.2.0.v20220715-1206]
[2023-07-03 12:40:42] Installing org.apache.xmlgraphics [2.6.0.v20210409-0748]
[2023-07-03 12:40:42] Installing org.apiguardian.api [1.1.2]
[2023-07-03 12:40:42] Installing org.bouncycastle.bcpg [1.71.0.v20220723-1943]
[2023-07-03 12:40:42] Installing org.bouncycastle.bcprov [1.71.0.v20220723-1943]
[2023-07-03 12:40:42] Installing org.eclipse.ant.core [3.6.500.v20220718-1722]
[2023-07-03 12:40:42] Installing org.eclipse.ant.launching [1.3.400.v20220718-1722]
[2023-07-03 12:40:42] Installing org.eclipse.ant.ui [3.8.300.v20220718-1722]
[2023-07-03 12:40:42] Installing org.eclipse.buildship.branding [3.1.6.v20220511-1359]
[2023-07-03 12:40:42] Installing org.eclipse.buildship.compat [3.1.6.v20220511-1359]
[2023-07-03 12:40:42] Installing org.eclipse.buildship.core [3.1.6.v20220511-1359]
[2023-07-03 12:40:42] Installing org.eclipse.buildship.feature.group [3.1.6.v20220511-1359]
[2023-07-03 12:40:42] Installing org.eclipse.buildship.feature.jar [3.1.6.v20220511-1359]
[2023-07-03 12:40:42] Installing org.eclipse.buildship.ui [3.1.6.v20220511-1359]
[2023-07-03 12:40:42] Installing org.eclipse.cdt.core.native [6.2.200.202204200013]
[2023-07-03 12:40:42] Installing org.eclipse.cdt.core.win32 [6.0.300.202204200013]
[2023-07-03 12:40:42] Installing org.eclipse.cdt.core.win32.x86_64 [6.0.700.202208222120]
[2023-07-03 12:40:42] Installing org.eclipse.compare [3.8.500.v20220812-1406]
[2023-07-03 12:40:42] Installing org.eclipse.compare.core [3.7.100.v20220812-1406]
[2023-07-03 12:40:42] Installing org.eclipse.compare.win32 [1.2.900.v20220812-1406]
[2023-07-03 12:40:42] Installing org.eclipse.core.commands [3.10.200.v20220512-0851]
[2023-07-03 12:40:42] Installing org.eclipse.core.contenttype [3.8.200.v20220817-1539]
[2023-07-03 12:40:42] Installing org.eclipse.core.databinding [1.11.100.v20220817-1444]
[2023-07-03 12:40:42] Installing org.eclipse.core.databinding.beans [1.8.0.v20210619-1111]
[2023-07-03 12:40:42] Installing org.eclipse.core.databinding.observable [1.12.0.v20211231-1006]
[2023-07-03 12:40:42] Installing org.eclipse.core.databinding.property [1.9.0.v20210619-1129]
[2023-07-03 12:40:42] Installing org.eclipse.core.expressions [3.8.200.v20220613-1047]
[2023-07-03 12:40:42] Installing org.eclipse.core.externaltools [1.2.300.v20220618-1805]
[2023-07-03 12:40:42] Installing org.eclipse.core.filebuffers [3.7.200.v20220202-1008]
[2023-07-03 12:40:42] Installing org.eclipse.core.filesystem [1.9.500.v20220817-1539]
[2023-07-03 12:40:42] Installing org.eclipse.core.filesystem.win32.x86_64 [1.4.300.v20220812-1420]
[2023-07-03 12:40:42] Installing org.eclipse.core.jobs [3.13.100.v20220817-1539]
[2023-07-03 12:40:42] Installing org.eclipse.core.net [1.4.0.v20220813-1037]
[2023-07-03 12:40:42] Installing org.eclipse.core.net.win32 [1.0.100.v20220812-1406]
[2023-07-03 12:40:42] Installing org.eclipse.core.net.win32.x86_64 [1.1.700.v20220812-1406]
[2023-07-03 12:40:42] Installing org.eclipse.core.resources [3.18.0.v20220828-0546]
[2023-07-03 12:40:42] Installing org.eclipse.core.resources.win32.x86_64 [3.5.500.v20220812-1420]
[2023-07-03 12:40:42] Installing org.eclipse.core.runtime [3.26.0.v20220813-0916]
[2023-07-03 12:40:42] Installing org.eclipse.core.variables [3.5.100.v20210721-1355]
[2023-07-03 12:40:42] Installing org.eclipse.debug.core [3.20.0.v20220811-0741]
[2023-07-03 12:40:42] Installing org.eclipse.debug.ui [3.17.0.v20220817-1312]
[2023-07-03 12:40:42] Installing org.eclipse.debug.ui.launchview [1.0.300.v20220811-0741]
[2023-07-03 12:40:42] Installing org.eclipse.e4.core.commands [1.0.200.v20220629-1225]
[2023-07-03 12:40:43] Installing org.eclipse.e4.core.contexts [1.11.0.v20220716-0839]
[2023-07-03 12:40:43] Installing org.eclipse.e4.core.di [1.8.300.v20220817-1539]
[2023-07-03 12:40:43] Installing org.eclipse.e4.core.di.annotations [1.7.200.v20220613-1008]
[2023-07-03 12:40:43] Installing org.eclipse.e4.core.di.extensions [0.17.200.v20220613-1008]
[2023-07-03 12:40:43] Installing org.eclipse.e4.core.di.extensions.supplier [0.16.400.v20220613-1047]
[2023-07-03 12:40:43] Installing org.eclipse.e4.core.services [2.3.300.v20220613-1047]
[2023-07-03 12:40:43] Installing org.eclipse.e4.emf.xpath [0.3.0.v20210722-1426]
[2023-07-03 12:40:43] Installing org.eclipse.e4.rcp.feature.group [4.25.0.v20220829-1402]
[2023-07-03 12:40:43] Installing org.eclipse.e4.rcp.feature.jar [4.25.0.v20220829-1402]
[2023-07-03 12:40:43] Installing org.eclipse.e4.ui.bindings [0.13.100.v20210722-1426]
[2023-07-03 12:40:43] Installing org.eclipse.e4.ui.css.core [0.13.300.v20220809-1237]
[2023-07-03 12:40:43] Installing org.eclipse.e4.ui.css.swt [0.14.600.v20220621-1327]
[2023-07-03 12:40:43] Installing org.eclipse.e4.ui.css.swt.theme [0.13.100.v20220310-1056]
[2023-07-03 12:40:43] Installing org.eclipse.e4.ui.di [1.4.0.v20210621-1133]
[2023-07-03 12:40:43] Installing org.eclipse.e4.ui.dialogs [1.3.300.v20220815-1831]
[2023-07-03 12:40:43] Installing org.eclipse.e4.ui.ide [3.16.100.v20220310-1350]
[2023-07-03 12:40:43] Installing org.eclipse.e4.ui.model.workbench [2.2.200.v20220817-1444]
[2023-07-03 12:40:43] Installing org.eclipse.e4.ui.progress [0.3.500.v20220717-1456]
[2023-07-03 12:40:43] Installing org.eclipse.e4.ui.services [1.5.0.v20210115-1333]
[2023-07-03 12:40:43] Installing org.eclipse.e4.ui.swt.win32 [1.1.0.v20201119-1132]
[2023-07-03 12:40:43] Installing org.eclipse.e4.ui.widgets [1.3.0.v20210621-1136]
[2023-07-03 12:40:43] Installing org.eclipse.e4.ui.workbench [1.13.200.v20220808-2019]
[2023-07-03 12:40:43] Installing org.eclipse.e4.ui.workbench.addons.swt [1.4.400.v20211102-0453]
[2023-07-03 12:40:43] Installing org.eclipse.e4.ui.workbench.renderers.swt [0.15.600.v20220715-1400]
[2023-07-03 12:40:43] Installing org.eclipse.e4.ui.workbench.swt [0.16.600.v20220607-1204]
[2023-07-03 12:40:43] Installing org.eclipse.e4.ui.workbench3 [0.16.0.v20210619-0956]
[2023-07-03 12:40:43] Installing org.eclipse.ecf [3.10.0.v20210925-0032]
[2023-07-03 12:40:43] Installing org.eclipse.ecf.core.feature.feature.group [1.6.1.v20211005-1944]
[2023-07-03 12:40:43] Installing org.eclipse.ecf.core.feature.feature.jar [1.6.1.v20211005-1944]
[2023-07-03 12:40:43] Installing org.eclipse.ecf.core.ssl.feature.feature.group [1.1.501.v20210409-2301]
[2023-07-03 12:40:43] Installing org.eclipse.ecf.core.ssl.feature.feature.jar [1.1.501.v20210409-2301]
[2023-07-03 12:40:43] Installing org.eclipse.ecf.filetransfer [5.1.102.v20210409-2301]
[2023-07-03 12:40:43] Installing org.eclipse.ecf.filetransfer.feature.feature.group [3.14.1800.v20220215-0126]
[2023-07-03 12:40:43] Installing org.eclipse.ecf.filetransfer.feature.feature.jar [3.14.1800.v20220215-0126]
[2023-07-03 12:40:43] Installing org.eclipse.ecf.filetransfer.httpclient5.feature.feature.group [1.1.600.v20220215-0126]
[2023-07-03 12:40:43] Installing org.eclipse.ecf.filetransfer.httpclient5.feature.feature.jar [1.1.600.v20220215-0126]
[2023-07-03 12:40:43] Installing org.eclipse.ecf.filetransfer.ssl.feature.feature.group [1.1.401.v20210409-2301]
[2023-07-03 12:40:43] Installing org.eclipse.ecf.filetransfer.ssl.feature.feature.jar [1.1.401.v20210409-2301]
[2023-07-03 12:40:43] Installing org.eclipse.ecf.identity [3.9.402.v20210409-2301]
[2023-07-03 12:40:43] Installing org.eclipse.ecf.provider.filetransfer [3.2.800.v20220215-0126]
[2023-07-03 12:40:43] Installing org.eclipse.ecf.provider.filetransfer.httpclient5 [1.0.300.v20220215-0126]
[2023-07-03 12:40:43] Installing org.eclipse.ecf.provider.filetransfer.httpclient5.win32 [1.0.400.v20220109-1926]
[2023-07-03 12:40:43] Installing org.eclipse.ecf.provider.filetransfer.ssl [1.0.201.v20210409-2301]
[2023-07-03 12:40:43] Installing org.eclipse.ecf.ssl [1.2.401.v20210409-2301]
[2023-07-03 12:40:43] Installing org.eclipse.eclemma.core [3.1.6.202206011447]
[2023-07-03 12:40:43] Installing org.eclipse.eclemma.doc [3.1.6.202206011447]
[2023-07-03 12:40:43] Installing org.eclipse.eclemma.feature.feature.group [3.1.6.202206011447]
[2023-07-03 12:40:43] Installing org.eclipse.eclemma.feature.feature.jar [3.1.6.202206011447]
[2023-07-03 12:40:43] Installing org.eclipse.eclemma.ui [3.1.6.202206011447]
[2023-07-03 12:40:43] Installing org.eclipse.egit [6.3.0.202209071007-r]
[2023-07-03 12:40:43] Installing org.eclipse.egit.core [6.3.0.202209071007-r]
[2023-07-03 12:40:43] Installing org.eclipse.egit.doc [6.3.0.202209071007-r]
[2023-07-03 12:40:43] Installing org.eclipse.egit.feature.group [6.3.0.202209071007-r]
[2023-07-03 12:40:43] Installing org.eclipse.egit.feature.jar [6.3.0.202209071007-r]
[2023-07-03 12:40:43] Installing org.eclipse.egit.ui [6.3.0.202209071007-r]
[2023-07-03 12:40:43] Installing org.eclipse.emf.common [2.26.0.v20220817-1401]
[2023-07-03 12:40:43] Installing org.eclipse.emf.common.feature.group [2.27.0.v20220817-1401]
[2023-07-03 12:40:43] Installing org.eclipse.emf.common.feature.jar [2.27.0.v20220817-1401]
[2023-07-03 12:40:43] Installing org.eclipse.emf.common.ui [2.20.0.v20220226-1304]
[2023-07-03 12:40:43] Installing org.eclipse.emf.ecore [2.28.0.v20220817-1401]
[2023-07-03 12:40:43] Installing org.eclipse.emf.ecore.change [2.14.0.v20190528-0725]
[2023-07-03 12:40:43] Installing org.eclipse.emf.ecore.edit [2.13.0.v20190822-1451]
[2023-07-03 12:40:43] Installing org.eclipse.emf.ecore.feature.group [2.29.0.v20220817-1401]
[2023-07-03 12:40:43] Installing org.eclipse.emf.ecore.feature.jar [2.29.0.v20220817-1401]
[2023-07-03 12:40:43] Installing org.eclipse.emf.ecore.xmi [2.17.0.v20220817-1334]
[2023-07-03 12:40:43] Installing org.eclipse.emf.edit [2.17.0.v20220201-1551]
[2023-07-03 12:40:43] Installing org.eclipse.emf.edit.ui [2.22.0.v20220619-0533]
[2023-07-03 12:40:43] Installing org.eclipse.epp.mpc.core [1.10.0.v20220502-0731]
[2023-07-03 12:40:43] Installing org.eclipse.epp.mpc.core.win32 [1.10.0.v20220502-0731]
[2023-07-03 12:40:43] Installing org.eclipse.epp.mpc.feature.group [1.10.0.v20220502-0731]
[2023-07-03 12:40:43] Installing org.eclipse.epp.mpc.feature.jar [1.10.0.v20220502-0731]
[2023-07-03 12:40:43] Installing org.eclipse.epp.mpc.help.ui [1.10.0.v20220502-0731]
[2023-07-03 12:40:43] Installing org.eclipse.epp.mpc.ui [1.10.0.v20220502-0731]
[2023-07-03 12:40:43] Installing org.eclipse.epp.mpc.ui.css [1.10.0.v20220502-0731]
[2023-07-03 12:40:43] Installing org.eclipse.epp.package.common [4.25.0.20220908-1200]
[2023-07-03 12:40:43] Installing org.eclipse.epp.package.common.feature.feature.group [4.25.0.20220908-1200]
[2023-07-03 12:40:43] Installing org.eclipse.epp.package.common.feature.feature.jar [4.25.0.20220908-1200]
[2023-07-03 12:40:43] Installing org.eclipse.epp.package.java [4.25.0.20220908-1200]
[2023-07-03 12:40:43] Installing org.eclipse.epp.package.java.feature.feature.group [4.25.0.20220908-1200]
[2023-07-03 12:40:43] Installing org.eclipse.epp.package.java.feature.feature.jar [4.25.0.20220908-1200]
[2023-07-03 12:40:43] Installing org.eclipse.equinox.app [1.6.200.v20220720-2012]
[2023-07-03 12:40:43] Installing org.eclipse.equinox.bidi [1.4.200.v20220710-1223]
[2023-07-03 12:40:43] Installing org.eclipse.equinox.common [3.16.200.v20220817-1601]
[2023-07-03 12:40:43] Installing org.eclipse.equinox.concurrent [1.2.100.v20211021-1418]
[2023-07-03 12:40:43] Installing org.eclipse.equinox.console [1.4.500.v20211021-1418]
[2023-07-03 12:40:43] Installing org.eclipse.equinox.event [1.6.100.v20211021-1418]
[2023-07-03 12:40:43] Installing org.eclipse.equinox.frameworkadmin [2.2.100.v20220817-1208]
[2023-07-03 12:40:43] Installing org.eclipse.equinox.frameworkadmin.equinox [1.2.200.v20220315-2155]
[2023-07-03 12:40:43] Installing org.eclipse.equinox.http.jetty [3.8.100.v20211021-1418]
[2023-07-03 12:40:43] Installing org.eclipse.equinox.http.registry [1.3.200.v20220720-2012]
[2023-07-03 12:40:43] Installing org.eclipse.equinox.http.servlet [1.7.300.v20220726-1300]
[2023-07-03 12:40:43] Installing org.eclipse.equinox.jsp.jasper [1.1.700.v20220801-1124]
[2023-07-03 12:40:43] Installing org.eclipse.equinox.jsp.jasper.registry [1.2.100.v20211021-1418]
[2023-07-03 12:40:43] Installing org.eclipse.equinox.launcher [1.6.400.v20210924-0641]
[2023-07-03 12:40:43] Installing org.eclipse.equinox.launcher.win32.win32.x86_64 [1.2.600.v20220720-1916]
[2023-07-03 12:40:43] Installing org.eclipse.equinox.p2.artifact.repository [1.4.500.v20220420-1427]
[2023-07-03 12:40:43] Installing org.eclipse.equinox.p2.console [1.2.0.v20210315-2042]
[2023-07-03 12:40:43] Installing org.eclipse.equinox.p2.core [2.9.200.v20220817-1208]
[2023-07-03 12:40:43] Installing org.eclipse.equinox.p2.core.feature.feature.group [1.6.1500.v20220819-1949]
[2023-07-03 12:40:43] Installing org.eclipse.equinox.p2.core.feature.feature.jar [1.6.1500.v20220819-1949]
[2023-07-03 12:40:43] Installing org.eclipse.equinox.p2.director [2.5.400.v20220817-1208]
[2023-07-03 12:40:43] Installing org.eclipse.equinox.p2.director.app [1.2.200.v20220802-0626]
[2023-07-03 12:40:43] Installing org.eclipse.equinox.p2.directorywatcher [1.3.0.v20210316-1209]
[2023-07-03 12:40:43] Installing org.eclipse.equinox.p2.discovery [1.2.0.v20210315-2042]
[2023-07-03 12:40:43] Installing org.eclipse.equinox.p2.discovery.compatibility [1.2.200.v20220210-1157]
[2023-07-03 12:40:43] Installing org.eclipse.equinox.p2.discovery.feature.feature.group [1.2.1100.v20220210-1157]
[2023-07-03 12:40:43] Installing org.eclipse.equinox.p2.discovery.feature.feature.jar [1.2.1100.v20220210-1157]
[2023-07-03 12:40:43] Installing org.eclipse.equinox.p2.engine [2.7.500.v20220817-1208]
[2023-07-03 12:40:43] Installing org.eclipse.equinox.p2.extensionlocation [1.4.100.v20220213-0541]
[2023-07-03 12:40:43] Installing org.eclipse.equinox.p2.extras.feature.feature.group [1.4.1700.v20220819-1949]
[2023-07-03 12:40:43] Installing org.eclipse.equinox.p2.extras.feature.feature.jar [1.4.1700.v20220819-1949]
[2023-07-03 12:40:43] Installing org.eclipse.equinox.p2.garbagecollector [1.2.0.v20210316-1209]
[2023-07-03 12:40:43] Installing org.eclipse.equinox.p2.jarprocessor [1.2.300.v20220420-1427]
[2023-07-03 12:40:43] Installing org.eclipse.equinox.p2.metadata [2.6.300.v20220817-1208]
[2023-07-03 12:40:43] Installing org.eclipse.equinox.p2.metadata.repository [1.4.100.v20220329-1456]
[2023-07-03 12:40:43] Installing org.eclipse.equinox.p2.operations [2.6.100.v20220817-1208]
[2023-07-03 12:40:43] Installing org.eclipse.equinox.p2.publisher [1.7.200.v20220805-0804]
[2023-07-03 12:40:43] Installing org.eclipse.equinox.p2.publisher.eclipse [1.4.100.v20220420-1427]
[2023-07-03 12:40:43] Installing org.eclipse.equinox.p2.rcp.feature.feature.group [1.4.1700.v20220819-1949]
[2023-07-03 12:40:43] Installing org.eclipse.equinox.p2.rcp.feature.feature.jar [1.4.1700.v20220819-1949]
[2023-07-03 12:40:43] Installing org.eclipse.equinox.p2.reconciler.dropins [1.4.100.v20211217-1131]
[2023-07-03 12:40:43] Installing org.eclipse.equinox.p2.repository [2.6.200.v20220819-1949]
[2023-07-03 12:40:43] Installing org.eclipse.equinox.p2.repository.tools [2.3.100.v20220504-1755]
[2023-07-03 12:40:43] Installing org.eclipse.equinox.p2.touchpoint.eclipse [2.3.300.v20220817-1208]
[2023-07-03 12:40:43] Installing org.eclipse.equinox.p2.touchpoint.natives [1.4.400.v20220506-1821]
[2023-07-03 12:40:43] Installing org.eclipse.equinox.p2.transport.ecf [1.3.300.v20220512-1321]
[2023-07-03 12:40:43] Installing org.eclipse.equinox.p2.ui [2.7.600.v20220817-1208]
[2023-07-03 12:40:43] Installing org.eclipse.equinox.p2.ui.discovery [1.2.300.v20210813-0655]
[2023-07-03 12:40:43] Installing org.eclipse.equinox.p2.ui.importexport [1.3.300.v20220329-1456]
[2023-07-03 12:40:43] Installing org.eclipse.equinox.p2.ui.sdk [1.2.100.v20220814-1551]
[2023-07-03 12:40:43] Installing org.eclipse.equinox.p2.ui.sdk.scheduler [1.5.400.v20220805-0804]
[2023-07-03 12:40:43] Installing org.eclipse.equinox.p2.updatechecker [1.3.0.v20210315-2228]
[2023-07-03 12:40:43] Installing org.eclipse.equinox.p2.updatesite [1.2.300.v20220420-1427]
[2023-07-03 12:40:43] Installing org.eclipse.equinox.p2.user.ui.feature.group [2.4.1700.v20220819-1949]
[2023-07-03 12:40:43] Installing org.eclipse.equinox.p2.user.ui.feature.jar [2.4.1700.v20220819-1949]
[2023-07-03 12:40:43] Installing org.eclipse.equinox.preferences [3.10.100.v20220710-1223]
[2023-07-03 12:40:43] Installing org.eclipse.equinox.registry [3.11.200.v20220817-1601]
[2023-07-03 12:40:43] Installing org.eclipse.equinox.security [1.3.1000.v20220801-1135]
[2023-07-03 12:40:43] Installing org.eclipse.equinox.security.ui [1.3.300.v20220710-1223]
[2023-07-03 12:40:43] Installing org.eclipse.equinox.security.win32.x86_64 [1.1.300.v20211021-1418]
[2023-07-03 12:40:43] Installing org.eclipse.equinox.simpleconfigurator [1.4.100.v20220620-1617]
[2023-07-03 12:40:43] Installing org.eclipse.equinox.simpleconfigurator.manipulator [2.2.0.v20210315-2228]
[2023-07-03 12:40:43] Installing org.eclipse.help [3.9.100.v20210721-0601]
[2023-07-03 12:40:43] Installing org.eclipse.help.base [4.3.800.v20220831-1800]
[2023-07-03 12:40:43] Installing org.eclipse.help.feature.group [2.3.1100.v20220831-1800]
[2023-07-03 12:40:43] Installing org.eclipse.help.feature.jar [2.3.1100.v20220831-1800]
[2023-07-03 12:40:43] Installing org.eclipse.help.ui [4.4.100.v20220619-1918]
[2023-07-03 12:40:43] Installing org.eclipse.help.webapp [3.10.800.v20220714-2106]
[2023-07-03 12:40:43] Installing org.eclipse.jdt [3.18.1300.v20220831-1800]
[2023-07-03 12:40:43] Installing org.eclipse.jdt.annotation [2.2.700.v20220826-1026]
[2023-07-03 12:40:43] Installing org.eclipse.jdt.apt.core [3.7.50.v20210914-1429]
[2023-07-03 12:40:43] Installing org.eclipse.jdt.apt.pluggable.core [1.3.0.v20210618-1653]
[2023-07-03 12:40:43] Installing org.eclipse.jdt.apt.ui [3.7.0.v20210620-1751]
[2023-07-03 12:40:43] Installing org.eclipse.jdt.compiler.apt [1.4.200.v20220802-0458]
[2023-07-03 12:40:43] Installing org.eclipse.jdt.compiler.tool [1.3.200.v20220802-0458]
[2023-07-03 12:40:43] Installing org.eclipse.jdt.core [3.31.0.v20220831-1439]
[2023-07-03 12:40:43] Installing org.eclipse.jdt.core.formatterapp [1.1.0.v20210618-1653]
[2023-07-03 12:40:43] Installing org.eclipse.jdt.core.manipulation [1.16.200.v20220824-0551]
[2023-07-03 12:40:43] Installing org.eclipse.jdt.debug [3.19.300.v20220812-1529]
[2023-07-03 12:40:43] Installing org.eclipse.jdt.debug.ui [3.12.800.v20220813-1738]
[2023-07-03 12:40:43] Installing org.eclipse.jdt.doc.user [3.15.1500.v20220829-1143]
[2023-07-03 12:40:43] Installing org.eclipse.jdt.feature.group [3.18.1300.v20220831-1800]
[2023-07-03 12:40:43] Installing org.eclipse.jdt.feature.jar [3.18.1300.v20220831-1800]
[2023-07-03 12:40:43] Installing org.eclipse.jdt.junit [3.15.0.v20220815-1918]
[2023-07-03 12:40:43] Installing org.eclipse.jdt.junit.core [3.11.400.v20220715-1030]
[2023-07-03 12:40:43] Installing org.eclipse.jdt.junit.runtime [3.7.0.v20220609-1843]
[2023-07-03 12:40:43] Installing org.eclipse.jdt.junit4.runtime [1.3.0.v20220609-1843]
[2023-07-03 12:40:43] Installing org.eclipse.jdt.junit5.runtime [1.1.0.v20220715-1030]
[2023-07-03 12:40:43] Installing org.eclipse.jdt.launching [3.19.700.v20220730-1850]
[2023-07-03 12:40:43] Installing org.eclipse.jdt.ui [3.27.0.v20220824-0714]
[2023-07-03 12:40:43] Installing org.eclipse.jetty.http [10.0.11]
[2023-07-03 12:40:43] Installing org.eclipse.jetty.io [10.0.11]
[2023-07-03 12:40:43] Installing org.eclipse.jetty.security [10.0.11]
[2023-07-03 12:40:43] Installing org.eclipse.jetty.server [10.0.11]
[2023-07-03 12:40:43] Installing org.eclipse.jetty.servlet [10.0.11]
[2023-07-03 12:40:43] Installing org.eclipse.jetty.util [10.0.11]
[2023-07-03 12:40:43] Installing org.eclipse.jetty.util.ajax [10.0.11]
[2023-07-03 12:40:43] Installing org.eclipse.jface [3.27.0.v20220817-1444]
[2023-07-03 12:40:43] Installing org.eclipse.jface.databinding [1.13.0.v20210619-1146]
[2023-07-03 12:40:43] Installing org.eclipse.jface.notifications [0.5.0.v20220401-0716]
[2023-07-03 12:40:43] Installing org.eclipse.jface.text [3.21.0.v20220817-1340]
[2023-07-03 12:40:43] Installing org.eclipse.jgit [6.3.0.202209071007-r]
[2023-07-03 12:40:43] Installing org.eclipse.jgit.archive [6.3.0.202209071007-r]
[2023-07-03 12:40:43] Installing org.eclipse.jgit.feature.group [6.3.0.202209071007-r]
[2023-07-03 12:40:43] Installing org.eclipse.jgit.feature.jar [6.3.0.202209071007-r]
[2023-07-03 12:40:43] Installing org.eclipse.jgit.gpg.bc [6.3.0.202209071007-r]
[2023-07-03 12:40:43] Installing org.eclipse.jgit.gpg.bc.feature.group [6.3.0.202209071007-r]
[2023-07-03 12:40:43] Installing org.eclipse.jgit.gpg.bc.feature.jar [6.3.0.202209071007-r]
[2023-07-03 12:40:43] Installing org.eclipse.jgit.http.apache [6.3.0.202209071007-r]
[2023-07-03 12:40:43] Installing org.eclipse.jgit.http.apache.feature.group [6.3.0.202209071007-r]
[2023-07-03 12:40:43] Installing org.eclipse.jgit.http.apache.feature.jar [6.3.0.202209071007-r]
[2023-07-03 12:40:43] Installing org.eclipse.jgit.ssh.apache [6.3.0.202209071007-r]
[2023-07-03 12:40:43] Installing org.eclipse.jgit.ssh.apache.agent [6.3.0.202209071007-r]
[2023-07-03 12:40:43] Installing org.eclipse.jgit.ssh.apache.feature.group [6.3.0.202209071007-r]
[2023-07-03 12:40:43] Installing org.eclipse.jgit.ssh.apache.feature.jar [6.3.0.202209071007-r]
[2023-07-03 12:40:43] Installing org.eclipse.jsch.core [1.4.0.v20220813-1037]
[2023-07-03 12:40:43] Installing org.eclipse.jsch.ui [1.4.200.v20220812-1406]
[2023-07-03 12:40:43] Installing org.eclipse.lsp4e [0.14.0.202208241334]
[2023-07-03 12:40:43] Installing org.eclipse.lsp4j [0.15.0.v20220805-0131]
[2023-07-03 12:40:43] Installing org.eclipse.lsp4j.jsonrpc [0.15.0.v20220805-0131]
[2023-07-03 12:40:43] Installing org.eclipse.ltk.core.refactoring [3.13.0.v20220822-0502]
[2023-07-03 12:40:43] Installing org.eclipse.ltk.ui.refactoring [3.12.200.v20220808-2221]
[2023-07-03 12:40:43] Installing org.eclipse.m2e.apt.core [2.0.0.20220706-1958]
[2023-07-03 12:40:43] Installing org.eclipse.m2e.apt.ui [2.0.0.20220703-1731]
[2023-07-03 12:40:43] Installing org.eclipse.m2e.archetype.common [3.2.1.20220620-0741]
[2023-07-03 12:40:43] Installing org.eclipse.m2e.binaryproject [2.0.0.20220705-1221]
[2023-07-03 12:40:43] Installing org.eclipse.m2e.binaryproject.ui [2.0.0.20220705-1221]
[2023-07-03 12:40:43] Installing org.eclipse.m2e.core [2.0.3.20220904-1703]
[2023-07-03 12:40:43] Installing org.eclipse.m2e.core.ui [2.0.0.20220726-0935]
[2023-07-03 12:40:43] Installing org.eclipse.m2e.discovery [2.0.0.20220705-1608]
[2023-07-03 12:40:43] Installing org.eclipse.m2e.editor [2.0.1.20220809-1501]
[2023-07-03 12:40:43] Installing org.eclipse.m2e.editor.lemminx [2.0.0.20220729-1256]
[2023-07-03 12:40:43] Installing org.eclipse.m2e.feature.feature.group [2.0.4.20220904-1703]
[2023-07-03 12:40:43] Installing org.eclipse.m2e.feature.feature.jar [2.0.4.20220904-1703]
[2023-07-03 12:40:43] Installing org.eclipse.m2e.jdt [2.0.1.20220901-1459]
[2023-07-03 12:40:43] Installing org.eclipse.m2e.jdt.ui [2.0.0.20220705-1221]
[2023-07-03 12:40:43] Installing org.eclipse.m2e.launching [2.0.1.20220828-2046]
[2023-07-03 12:40:43] Installing org.eclipse.m2e.lemminx.feature.feature.group [2.0.0.20220729-1256]
[2023-07-03 12:40:43] Installing org.eclipse.m2e.lemminx.feature.feature.jar [2.0.0.20220729-1256]
[2023-07-03 12:40:43] Installing org.eclipse.m2e.logback.appender [2.0.0.20220705-1221]
[2023-07-03 12:40:43] Installing org.eclipse.m2e.logback.configuration [2.0.0.20220705-1221]
[2023-07-03 12:40:43] Installing org.eclipse.m2e.logback.feature.feature.group [2.0.0.20220717-0848]
[2023-07-03 12:40:43] Installing org.eclipse.m2e.logback.feature.feature.jar [2.0.0.20220717-0848]
[2023-07-03 12:40:43] Installing org.eclipse.m2e.maven.runtime [3.8.601.20220820-1147]
[2023-07-03 12:40:43] Installing org.eclipse.m2e.mavenarchiver [2.0.1.20220805-1816]
[2023-07-03 12:40:43] Installing org.eclipse.m2e.model.edit [2.0.0.20220703-1731]
[2023-07-03 12:40:43] Installing org.eclipse.m2e.profiles.core [2.0.0.20220703-1731]
[2023-07-03 12:40:43] Installing org.eclipse.m2e.profiles.ui [2.0.0.20220705-1221]
[2023-07-03 12:40:43] Installing org.eclipse.m2e.refactoring [2.0.1.20220809-1501]
[2023-07-03 12:40:43] Installing org.eclipse.m2e.scm [2.0.0.20220705-1221]
[2023-07-03 12:40:43] Installing org.eclipse.m2e.sourcelookup [2.0.0.20220705-1608]
[2023-07-03 12:40:43] Installing org.eclipse.m2e.sourcelookup.ui [2.0.0.20220705-1221]
[2023-07-03 12:40:43] Installing org.eclipse.m2e.workspace.cli [0.3.1]
[2023-07-03 12:40:43] Installing org.eclipse.mylyn.wikitext [3.0.42.20220107230029]
[2023-07-03 12:40:43] Installing org.eclipse.mylyn.wikitext.ant [3.0.42.20220107230029]
[2023-07-03 12:40:43] Installing org.eclipse.mylyn.wikitext.asciidoc [3.0.42.20220107230029]
[2023-07-03 12:40:43] Installing org.eclipse.mylyn.wikitext.asciidoc.ui [3.0.42.202201072301]
[2023-07-03 12:40:43] Installing org.eclipse.mylyn.wikitext.confluence [3.0.42.20220107230029]
[2023-07-03 12:40:43] Installing org.eclipse.mylyn.wikitext.confluence.ui [3.0.42.202201072301]
[2023-07-03 12:40:43] Installing org.eclipse.mylyn.wikitext.editors_feature.feature.group [3.0.42.202201072301]
[2023-07-03 12:40:43] Installing org.eclipse.mylyn.wikitext.editors_feature.feature.jar [3.0.42.202201072301]
[2023-07-03 12:40:43] Installing org.eclipse.mylyn.wikitext.help.ui [3.0.42.202201072301]
[2023-07-03 12:40:43] Installing org.eclipse.mylyn.wikitext.html [3.0.42.20220107230029]
[2023-07-03 12:40:43] Installing org.eclipse.mylyn.wikitext.markdown [3.0.42.20220107230029]
[2023-07-03 12:40:43] Installing org.eclipse.mylyn.wikitext.markdown.ui [3.0.42.202201072301]
[2023-07-03 12:40:43] Installing org.eclipse.mylyn.wikitext.mediawiki [3.0.42.20220107230029]
[2023-07-03 12:40:43] Installing org.eclipse.mylyn.wikitext.mediawiki.ui [3.0.42.202201072301]
[2023-07-03 12:40:43] Installing org.eclipse.mylyn.wikitext.osgi [3.0.42.202201072301]
[2023-07-03 12:40:43] Installing org.eclipse.mylyn.wikitext.textile [3.0.42.20220107230029]
[2023-07-03 12:40:43] Installing org.eclipse.mylyn.wikitext.textile.ui [3.0.42.202201072301]
[2023-07-03 12:40:43] Installing org.eclipse.mylyn.wikitext.tracwiki [3.0.42.20220107230029]
[2023-07-03 12:40:43] Installing org.eclipse.mylyn.wikitext.tracwiki.ui [3.0.42.202201072301]
[2023-07-03 12:40:43] Installing org.eclipse.mylyn.wikitext.twiki [3.0.42.20220107230029]
[2023-07-03 12:40:43] Installing org.eclipse.mylyn.wikitext.twiki.ui [3.0.42.202201072301]
[2023-07-03 12:40:43] Installing org.eclipse.mylyn.wikitext.ui [3.0.42.202201072301]
[2023-07-03 12:40:43] Installing org.eclipse.mylyn.wikitext_feature.feature.group [3.0.42.202201072301]
[2023-07-03 12:40:43] Installing org.eclipse.mylyn.wikitext_feature.feature.jar [3.0.42.202201072301]
[2023-07-03 12:40:43] Installing org.eclipse.nebula.widgets.tablecombo [1.2.0.202305300939]
[2023-07-03 12:40:43] Installing org.eclipse.oomph.base [1.17.0.v20220821-0916]
[2023-07-03 12:40:43] Installing org.eclipse.oomph.base.edit [1.16.0.v20230204-0932]
[2023-07-03 12:40:43] Installing org.eclipse.oomph.extractor.lib [1.9.0.v20220421-1218]
[2023-07-03 12:40:43] Installing org.eclipse.oomph.jreinfo [1.17.0.v20220520-1242]
[2023-07-03 12:40:43] Installing org.eclipse.oomph.jreinfo.ui [1.15.0.v20220520-1242]
[2023-07-03 12:40:43] Installing org.eclipse.oomph.jreinfo.win32.x86_64 [1.8.0.v20220421-1218]
[2023-07-03 12:40:43] Installing org.eclipse.oomph.p2 [1.16.0.v20220421-1218]
[2023-07-03 12:40:43] Installing org.eclipse.oomph.p2.core [1.25.0.v20230509-0732]
[2023-07-03 12:40:43] Installing org.eclipse.oomph.p2.doc [1.13.0.v20220421-1218]
[2023-07-03 12:40:43] Installing org.eclipse.oomph.p2.edit [1.17.0.v20230204-0932]
[2023-07-03 12:40:43] Installing org.eclipse.oomph.p2.feature.group [1.26.0.v20230523-0636]
[2023-07-03 12:40:43] Installing org.eclipse.oomph.p2.feature.jar [1.26.0.v20230523-0636]
[2023-07-03 12:40:43] Installing org.eclipse.oomph.p2.ui [1.20.0.v20230523-0636]
[2023-07-03 12:40:43] Installing org.eclipse.oomph.predicates [1.16.0.v20230416-0642]
[2023-07-03 12:40:43] Installing org.eclipse.oomph.predicates.edit [1.15.0.v20230416-0642]
[2023-07-03 12:40:43] Installing org.eclipse.oomph.preferences [1.13.0.v20220421-1218]
[2023-07-03 12:40:43] Installing org.eclipse.oomph.resources [1.17.0.v20220619-0650]
[2023-07-03 12:40:43] Installing org.eclipse.oomph.resources.edit [1.13.0.v20230204-0932]
[2023-07-03 12:40:43] Installing org.eclipse.oomph.setup [1.26.0.v20230416-0656]
[2023-07-03 12:40:43] Installing org.eclipse.oomph.setup.core [1.27.0.v20230402-0730]
[2023-07-03 12:40:43] Installing org.eclipse.oomph.setup.core.feature.group [1.27.0.v20230416-1150]
[2023-07-03 12:40:43] Installing org.eclipse.oomph.setup.core.feature.jar [1.27.0.v20230416-1150]
[2023-07-03 12:40:43] Installing org.eclipse.oomph.setup.doc [1.13.0.v20220520-0625]
[2023-07-03 12:40:43] Installing org.eclipse.oomph.setup.edit [1.16.0.v20220421-1218]
[2023-07-03 12:40:43] Installing org.eclipse.oomph.setup.editor [1.25.0.v20230523-0636]
[2023-07-03 12:40:43] Installing org.eclipse.oomph.setup.feature.group [1.28.0.v20230523-0636]
[2023-07-03 12:40:43] Installing org.eclipse.oomph.setup.feature.jar [1.28.0.v20230523-0636]
[2023-07-03 12:40:43] Installing org.eclipse.oomph.setup.p2 [1.19.0.v20230416-1150]
[2023-07-03 12:40:43] Installing org.eclipse.oomph.setup.p2.edit [1.15.0.v20230204-0932]
[2023-07-03 12:40:43] Installing org.eclipse.oomph.setup.sync [1.14.0.v20220421-1218]
[2023-07-03 12:40:43] Installing org.eclipse.oomph.setup.ui [1.26.0.v20230204-0932]
[2023-07-03 12:40:43] Installing org.eclipse.oomph.setup.ui.questionnaire [1.13.0.v20220421-1218]
[2023-07-03 12:40:43] Installing org.eclipse.oomph.ui [1.19.0.v20230416-0656]
[2023-07-03 12:40:43] Installing org.eclipse.oomph.util [1.20.0.v20230317-0903]
[2023-07-03 12:40:43] Installing org.eclipse.oomph.workingsets [1.13.0.v20230416-0642]
[2023-07-03 12:40:43] Installing org.eclipse.oomph.workingsets.edit [1.13.0.v20230204-0932]
[2023-07-03 12:40:43] Installing org.eclipse.oomph.workingsets.editor [1.14.0.v20230204-0932]
[2023-07-03 12:40:43] Installing org.eclipse.osgi [3.18.100.v20220817-1601]
[2023-07-03 12:40:43] Installing org.eclipse.osgi.compatibility.state [1.2.700.v20220722-0431]
[2023-07-03 12:40:43] Installing org.eclipse.osgi.services [3.11.0.v20220618-0838]
[2023-07-03 12:40:43] Installing org.eclipse.osgi.util [3.7.100.v20220615-1601]
[2023-07-03 12:40:43] Installing org.eclipse.platform [4.25.0.v20220831-1800]
[2023-07-03 12:40:43] Installing org.eclipse.platform.doc.user [4.25.0.v20220830-0901]
[2023-07-03 12:40:43] Installing org.eclipse.platform.feature.group [4.25.0.v20220831-1800]
[2023-07-03 12:40:43] Installing org.eclipse.platform.feature.jar [4.25.0.v20220831-1800]
[2023-07-03 12:40:43] Installing org.eclipse.platform.ide [4.25.0.I20220831-1800]
[2023-07-03 12:40:43] Installing org.eclipse.platform.ide.executable.win32.win32.x86_64 [4.25.0.I20220831-1800]
[2023-07-03 12:40:43] Installing org.eclipse.platform.ide.executable.win32.win32.x86_64.eclipse [4.25.0.I20220831-1800]
[2023-07-03 12:40:43] Installing org.eclipse.platform_root [4.25.0.v20220831-1800]
[2023-07-03 12:40:43] Installing org.eclipse.rcp [4.25.0.v20220831-1800]
[2023-07-03 12:40:43] Installing org.eclipse.rcp.feature.group [4.25.0.v20220831-1800]
[2023-07-03 12:40:43] Installing org.eclipse.rcp.feature.jar [4.25.0.v20220831-1800]
[2023-07-03 12:40:43] Installing org.eclipse.rcp_root [4.25.0.v20220831-1800]
[2023-07-03 12:40:43] Installing org.eclipse.search [3.14.200.v20220817-1340]
[2023-07-03 12:40:43] Installing org.eclipse.swt [3.121.0.v20220829-1402]
[2023-07-03 12:40:43] Installing org.eclipse.swt.win32.win32.x86_64 [3.121.0.v20220829-1402]
[2023-07-03 12:40:43] Installing org.eclipse.team.core [3.9.500.v20220817-1539]
[2023-07-03 12:40:43] Installing org.eclipse.team.genericeditor.diff.extension [1.1.100.v20220812-1406]
[2023-07-03 12:40:43] Installing org.eclipse.team.ui [3.9.400.v20220817-1539]
[2023-07-03 12:40:43] Installing org.eclipse.text [3.12.200.v20220817-1340]
[2023-07-03 12:40:43] Installing org.eclipse.text.quicksearch [1.1.300.v20211203-1705]
[2023-07-03 12:40:43] Installing org.eclipse.tips.core [0.2.0.v20210317-2216]
[2023-07-03 12:40:43] Installing org.eclipse.tips.feature.feature.group [0.2.1800.v20220811-0542]
[2023-07-03 12:40:43] Installing org.eclipse.tips.feature.feature.jar [0.2.1800.v20220811-0542]
[2023-07-03 12:40:43] Installing org.eclipse.tips.ide [0.2.100.v20220811-0542]
[2023-07-03 12:40:43] Installing org.eclipse.tips.json [0.2.200.v20220619-1918]
[2023-07-03 12:40:43] Installing org.eclipse.tips.ui [0.2.0.v20210317-2216]
[2023-07-03 12:40:43] Installing org.eclipse.tm.terminal.connector.local [4.7.300.202204200013]
[2023-07-03 12:40:43] Installing org.eclipse.tm.terminal.connector.local.feature.feature.group [10.7.1.202208160035]
[2023-07-03 12:40:43] Installing org.eclipse.tm.terminal.connector.local.feature.feature.jar [10.7.1.202208160035]
[2023-07-03 12:40:43] Installing org.eclipse.tm.terminal.connector.process [4.8.100.202204200013]
[2023-07-03 12:40:43] Installing org.eclipse.tm.terminal.connector.ssh [4.7.300.202204200013]
[2023-07-03 12:40:43] Installing org.eclipse.tm.terminal.connector.ssh.feature.feature.group [10.7.1.202208160035]
[2023-07-03 12:40:43] Installing org.eclipse.tm.terminal.connector.ssh.feature.feature.jar [10.7.1.202208160035]
[2023-07-03 12:40:43] Installing org.eclipse.tm.terminal.connector.telnet [4.7.200.202204200013]
[2023-07-03 12:40:43] Installing org.eclipse.tm.terminal.connector.telnet.feature.feature.group [10.7.1.202208160035]
[2023-07-03 12:40:43] Installing org.eclipse.tm.terminal.connector.telnet.feature.feature.jar [10.7.1.202208160035]
[2023-07-03 12:40:43] Installing org.eclipse.tm.terminal.control [5.3.200.202204200013]
[2023-07-03 12:40:43] Installing org.eclipse.tm.terminal.control.feature.feature.group [10.7.1.202208160035]
[2023-07-03 12:40:43] Installing org.eclipse.tm.terminal.control.feature.feature.jar [10.7.1.202208160035]
[2023-07-03 12:40:43] Installing org.eclipse.tm.terminal.feature.feature.group [10.7.1.202208160035]
[2023-07-03 12:40:43] Installing org.eclipse.tm.terminal.feature.feature.jar [10.7.1.202208160035]
[2023-07-03 12:40:43] Installing org.eclipse.tm.terminal.view.core [4.8.300.202204200013]
[2023-07-03 12:40:43] Installing org.eclipse.tm.terminal.view.feature.feature.group [10.7.1.202208160035]
[2023-07-03 12:40:43] Installing org.eclipse.tm.terminal.view.feature.feature.jar [10.7.1.202208160035]
[2023-07-03 12:40:43] Installing org.eclipse.tm.terminal.view.ui [4.10.300.202204200013]
[2023-07-03 12:40:43] Installing org.eclipse.tm4e.core [0.5.0.202206232130]
[2023-07-03 12:40:43] Installing org.eclipse.tm4e.languageconfiguration [0.5.0.202206241118]
[2023-07-03 12:40:43] Installing org.eclipse.tm4e.registry [0.6.0.202206241118]
[2023-07-03 12:40:43] Installing org.eclipse.tm4e.ui [0.6.0.202206241118]
[2023-07-03 12:40:43] Installing org.eclipse.ui [3.201.100.v20220826-1037]
[2023-07-03 12:40:43] Installing org.eclipse.ui.browser [3.7.200.v20220826-1037]
[2023-07-03 12:40:43] Installing org.eclipse.ui.cheatsheets [3.7.400.v20220715-1705]
[2023-07-03 12:40:43] Installing org.eclipse.ui.console [3.11.300.v20220811-1921]
[2023-07-03 12:40:43] Installing org.eclipse.ui.editors [3.14.400.v20220730-1844]
[2023-07-03 12:40:43] Installing org.eclipse.ui.externaltools [3.5.200.v20220618-1805]
[2023-07-03 12:40:43] Installing org.eclipse.ui.forms [3.11.400.v20220817-1444]
[2023-07-03 12:40:43] Installing org.eclipse.ui.genericeditor [1.2.200.v20211217-1247]
[2023-07-03 12:40:43] Installing org.eclipse.ui.ide [3.19.100.v20220820-0412]
[2023-07-03 12:40:43] Installing org.eclipse.ui.ide.application [1.4.500.v20220623-0641]
[2023-07-03 12:40:43] Installing org.eclipse.ui.intro [3.6.600.v20220619-1918]
[2023-07-03 12:40:43] Installing org.eclipse.ui.intro.quicklinks [1.1.200.v20220619-1918]
[2023-07-03 12:40:43] Installing org.eclipse.ui.intro.universal [3.4.300.v20220619-1918]
[2023-07-03 12:40:43] Installing org.eclipse.ui.monitoring [1.2.200.v20220429-1040]
[2023-07-03 12:40:43] Installing org.eclipse.ui.navigator [3.10.300.v20220817-1444]
[2023-07-03 12:40:43] Installing org.eclipse.ui.navigator.resources [3.8.400.v20220203-1803]
[2023-07-03 12:40:43] Installing org.eclipse.ui.net [1.4.100.v20220812-1406]
[2023-07-03 12:40:43] Installing org.eclipse.ui.themes [1.2.2000.v20220614-2134]
[2023-07-03 12:40:43] Installing org.eclipse.ui.views [3.11.200.v20220817-1444]
[2023-07-03 12:40:43] Installing org.eclipse.ui.views.log [1.3.300.v20220717-1456]
[2023-07-03 12:40:43] Installing org.eclipse.ui.views.properties.tabbed [3.9.200.v20220717-1456]
[2023-07-03 12:40:43] Installing org.eclipse.ui.win32 [3.4.400.v20200414-1247]
[2023-07-03 12:40:43] Installing org.eclipse.ui.workbench [3.126.0.v20220823-0718]
[2023-07-03 12:40:43] Installing org.eclipse.ui.workbench.texteditor [3.16.600.v20220809-1658]
[2023-07-03 12:40:43] Installing org.eclipse.update.configurator [3.4.900.v20220718-1722]
[2023-07-03 12:40:43] Installing org.eclipse.urischeme [1.2.100.v20211001-1648]
[2023-07-03 12:40:43] Installing org.eclipse.userstorage [1.2.0.v20210517-0327]
[2023-07-03 12:40:43] Installing org.eclipse.userstorage.feature.group [1.2.0.v20210517-0327]
[2023-07-03 12:40:43] Installing org.eclipse.userstorage.feature.jar [1.2.0.v20210517-0327]
[2023-07-03 12:40:43] Installing org.eclipse.userstorage.oauth [1.1.0.v20190307-0457]
[2023-07-03 12:40:43] Installing org.eclipse.userstorage.ui [1.1.0.v20190307-0457]
[2023-07-03 12:40:43] Installing org.eclipse.wildwebdeveloper.xml [0.15.0.202207081036]
[2023-07-03 12:40:43] Installing org.eclipse.wildwebdeveloper.xml.feature.feature.group [0.15.0.202207081036]
[2023-07-03 12:40:43] Installing org.eclipse.wildwebdeveloper.xml.feature.feature.jar [0.15.0.202207081036]
[2023-07-03 12:40:43] Installing org.eclipse.wst.common.core [1.4.100.v202103232321]
[2023-07-03 12:40:43] Installing org.eclipse.wst.common.emf [1.2.700.v202007161535]
[2023-07-03 12:40:43] Installing org.eclipse.wst.common.environment [1.0.401.v202007142017]
[2023-07-03 12:40:43] Installing org.eclipse.wst.common.frameworks [1.2.202.v202108200212]
[2023-07-03 12:40:43] Installing org.eclipse.wst.common.uriresolver [1.3.0.v202007161535]
[2023-07-03 12:40:43] Installing org.eclipse.wst.sse.core [1.2.800.v202207121749]
[2023-07-03 12:40:43] Installing org.eclipse.wst.xml.core [1.2.600.v202207121749]
[2023-07-03 12:40:43] Installing org.eclipse.xtext.xbase.lib [2.28.0.v20220829-0436]
[2023-07-03 12:40:43] Installing org.gradle.toolingapi [7.4.2.v20220510-1312-s]
[2023-07-03 12:40:43] Installing org.hamcrest.core [1.3.0.v20180420-1519]
[2023-07-03 12:40:43] Installing org.jacoco.agent [0.8.8.v20220415-0921]
[2023-07-03 12:40:43] Installing org.jacoco.core [0.8.8.v20220517-1805]
[2023-07-03 12:40:43] Installing org.jacoco.report [0.8.8.v20220517-1805]
[2023-07-03 12:40:43] Installing org.jcodings [1.0.57]
[2023-07-03 12:40:43] Installing org.joni [2.1.43]
[2023-07-03 12:40:43] Installing org.jsoup [1.14.3.v20211012-1727]
[2023-07-03 12:40:43] Installing org.junit [4.13.2.v20211018-1956]
[2023-07-03 12:40:43] Installing org.objectweb.asm [9.3.0.v20220409-0157]
[2023-07-03 12:40:43] Installing org.objectweb.asm.commons [9.3.0.v20220409-0157]
[2023-07-03 12:40:43] Installing org.objectweb.asm.tree [9.3.0.v20220409-0157]
[2023-07-03 12:40:43] Installing org.opentest4j [1.2.0]
[2023-07-03 12:40:43] Installing org.osgi.service.cm [1.6.1.202109301733]
[2023-07-03 12:40:43] Installing org.osgi.service.component [1.5.0.202109301733]
[2023-07-03 12:40:43] Installing org.osgi.service.device [1.1.1.202109301733]
[2023-07-03 12:40:43] Installing org.osgi.service.event [1.4.1.202109301733]
[2023-07-03 12:40:43] Installing org.osgi.service.metatype [1.4.1.202109301733]
[2023-07-03 12:40:43] Installing org.osgi.service.prefs [1.1.2.202109301733]
[2023-07-03 12:40:43] Installing org.osgi.service.provisioning [1.2.0.201505202024]
[2023-07-03 12:40:43] Installing org.osgi.service.upnp [1.2.1.202109301733]
[2023-07-03 12:40:43] Installing org.osgi.service.useradmin [1.1.1.202109301733]
[2023-07-03 12:40:43] Installing org.osgi.service.wireadmin [1.0.2.202109301733]
[2023-07-03 12:40:43] Installing org.osgi.util.function [1.2.0.202109301733]
[2023-07-03 12:40:43] Installing org.osgi.util.measurement [1.0.2.201802012109]
[2023-07-03 12:40:43] Installing org.osgi.util.position [1.0.1.201505202026]
[2023-07-03 12:40:43] Installing org.osgi.util.promise [1.2.0.202109301733]
[2023-07-03 12:40:43] Installing org.osgi.util.xml [1.0.2.202109301733]
[2023-07-03 12:40:43] Installing org.sat4j.core [2.3.6.v20201214]
[2023-07-03 12:40:43] Installing org.sat4j.pb [2.3.6.v20201214]
[2023-07-03 12:40:43] Installing org.slf4j.api [1.7.30.v20200204-2150]
[2023-07-03 12:40:43] Installing org.tukaani.xz [1.9.0]
[2023-07-03 12:40:43] Installing org.w3c.css.sac [1.3.1.v200903091627]
[2023-07-03 12:40:43] Installing org.w3c.dom.events [3.0.0.draft20060413_v201105210656]
[2023-07-03 12:40:43] Installing org.w3c.dom.smil [1.0.1.v200903091627]
[2023-07-03 12:40:43] Installing org.w3c.dom.svg [1.1.0.v201011041433]
[2023-07-03 12:40:43] Installing org.yaml.snakeyaml [1.27.0.v20201111-1638]
[2023-07-03 12:40:43] Installing tooling.org.eclipse.update.feature.default [1.0.0]
[2023-07-03 12:40:43] Installing tooling.osgi.bundle.default [1.0.0]
[2023-07-03 12:40:43] Installing tooling.source.default [1.0.0]
[2023-07-03 12:40:43] Installing toolingepp.package.java.application [4.25.0.20220908-1200]
[2023-07-03 12:40:43] Installing toolingepp.package.java.config.win32.win32.x86_64 [4.25.0.20220908-1200]
[2023-07-03 12:40:43] Installing toolingepp.package.java.configuration [4.25.0.20220908-1200]
[2023-07-03 12:40:43] Installing toolingepp.package.java.executable.win32.win32.x86_64 [4.25.0.20220908-1200]
[2023-07-03 12:40:43] Installing toolingepp.package.java.ini.win32.win32.x86_64 [4.25.0.20220908-1200]
[2023-07-03 12:40:43] Installing toolingorg.eclipse.equinox.launcher [1.6.400.v20210924-0641]
[2023-07-03 12:40:43] Installing toolingorg.eclipse.equinox.launcher.win32.win32.x86_64 [1.2.600.v20220720-1916]
[2023-07-03 12:40:43] Installing toolingorg.eclipse.platform.configuration [1.0.0]
[2023-07-03 12:40:43] Installing toolingorg.eclipse.platform.ide.application [4.25.0.I20220831-1800]
[2023-07-03 12:40:43] Installing toolingorg.eclipse.platform.ide.config.win32.win32.x86_64 [4.25.0.I20220831-1800]
[2023-07-03 12:40:43] Installing toolingorg.eclipse.platform.ide.configuration [4.25.0.I20220831-1800]
[2023-07-03 12:40:43] Installing toolingorg.eclipse.platform.ide.executable.win32.win32.x86_64 [4.25.0.I20220831-1800]
[2023-07-03 12:40:43] Installing toolingorg.eclipse.platform.ide.ini.win32.win32.x86_64 [4.25.0.I20220831-1800]
[2023-07-03 12:40:43] Installing toolingwin32.win32.x86_64org.apache.felix.scr [4.25.0.I20220831-1800]
[2023-07-03 12:40:43] Installing toolingwin32.win32.x86_64org.eclipse.core.runtime [4.25.0.I20220831-1800]
[2023-07-03 12:40:43] Installing toolingwin32.win32.x86_64org.eclipse.equinox.common [4.25.0.I20220831-1800]
[2023-07-03 12:40:43] Installing toolingwin32.win32.x86_64org.eclipse.equinox.event [4.25.0.I20220831-1800]
[2023-07-03 12:40:43] Installing toolingwin32.win32.x86_64org.eclipse.equinox.p2.reconciler.dropins [4.25.0.I20220831-1800]
[2023-07-03 12:40:43] Installing toolingwin32.win32.x86_64org.eclipse.equinox.simpleconfigurator [4.25.0.I20220831-1800]
[2023-07-03 12:40:44] Preparing to commit the provisioning operation.
[2023-07-03 12:40:44] Committing the provisioning operation.
[2023-07-03 12:40:45] Performing Eclipse Ini --launcher.appendVmargs
[2023-07-03 12:40:45] Performing Eclipse Ini -Declipse.p2.max.threads=10
[2023-07-03 12:40:45] Changing C:\Users\kiran\OneDrive\Documents\Madhuri\eclipse-workspace\eclipse\eclipse.ini (-Declipse.p2.max.threads=10)
[2023-07-03 12:40:45] Performing Eclipse Ini -Doomph.update.url=https://download.eclipse.org/oomph/updates/milestone/latest
[2023-07-03 12:40:46] Changing C:\Users\kiran\OneDrive\Documents\Madhuri\eclipse-workspace\eclipse\eclipse.ini (-Doomph.update.url=https://download.eclipse.org/oomph/updates/milestone/latest)
[2023-07-03 12:40:46] Performing Eclipse Ini -Doomph.redirection.index.redirection=index:/->http://git.eclipse.org/c/oomph/org.eclipse.oomph.git/plain/setups/
[2023-07-03 12:40:46] Changing C:\Users\kiran\OneDrive\Documents\Madhuri\eclipse-workspace\eclipse\eclipse.ini (-Doomph.redirection.index.redirection=index:/->http://git.eclipse.org/c/oomph/org.eclipse.oomph.git/plain/setups/)
[2023-07-03 12:40:46] Performing post bootstrap tasks
[2023-07-03 12:40:46] 
